<html>
<head>
<title>TestNG:  testGraudate</title>
<link href="../testng.css" rel="stylesheet" type="text/css" />
<link href="../my-testng.css" rel="stylesheet" type="text/css" />

<style type="text/css">
.log { display: none;} 
.stack-trace { display: none;} 
</style>
<script type="text/javascript">
<!--
function flip(e) {
  current = e.style.display;
  if (current == 'block') {
    e.style.display = 'none';
    return 0;
  }
  else {
    e.style.display = 'block';
    return 1;
  }
}

function toggleBox(szDivId, elem, msg1, msg2)
{
  var res = -1;  if (document.getElementById) {
    res = flip(document.getElementById(szDivId));
  }
  else if (document.all) {
    // this is the way old msie versions work
    res = flip(document.all[szDivId]);
  }
  if(elem) {
    if(res == 0) elem.innerHTML = msg1; else elem.innerHTML = msg2;
  }

}

function toggleAllBoxes() {
  if (document.getElementsByTagName) {
    d = document.getElementsByTagName('div');
    for (i = 0; i < d.length; i++) {
      if (d[i].className == 'log') {
        flip(d[i]);
      }
    }
  }
}

// -->
</script>

</head>
<body>
<h2 align='center'>testGraudate</h2><table border='1' align="center">
<tr>
<td>Tests passed/Failed/Skipped:</td><td>23/1/0</td>
</tr><tr>
<td>Started on:</td><td>Fri May 08 12:44:52 CST 2020</td>
</tr>
<tr><td>Total time:</td><td>121 seconds (121137 ms)</td>
</tr><tr>
<td>Included groups:</td><td></td>
</tr><tr>
<td>Excluded groups:</td><td></td>
</tr>
</table><p/>
<small><i>(Hover the method name to see the test class name)</i></small><p/>
<table width='100%' border='1' class='invocation-failed'>
<tr><td colspan='4' align='center'><b>FAILED TESTS</b></td></tr>
<tr><td><b>Test method</b></td>
<td width="30%"><b>Exception</b></td>
<td width="10%"><b>Time (seconds)</b></td>
<td><b>Instance</b></td>
</tr>
<tr>
<td title='testCase.GraduateClassroomTest.testRecommendPage()'><b>testRecommendPage</b><br>Test class: testCase.GraduateClassroomTest</td>
<td><div><pre>java.lang.AssertionError: expected [true] but found [false]
	at testCase.GraduateClassroomTest.testRecommendPage(GraduateClassroomTest.java:76)
... Removed 29 stack frames</pre></div><a href='#' onClick='toggleBox("stack-trace713898436", this, "Click to show all stack frames", "Click to hide stack frames")'>Click to show all stack frames</a>
<div class='stack-trace' id='stack-trace713898436'><pre>java.lang.AssertionError: expected [true] but found [false]
	at org.testng.Assert.fail(Assert.java:93)
	at org.testng.Assert.failNotEquals(Assert.java:512)
	at org.testng.Assert.assertTrue(Assert.java:41)
	at org.testng.Assert.assertTrue(Assert.java:51)
	at testCase.GraduateClassroomTest.testRecommendPage(GraduateClassroomTest.java:76)
	at sun.reflect.NativeMethodAccessorImpl.invoke0(Native Method)
	at sun.reflect.NativeMethodAccessorImpl.invoke(NativeMethodAccessorImpl.java:62)
	at sun.reflect.DelegatingMethodAccessorImpl.invoke(DelegatingMethodAccessorImpl.java:43)
	at java.lang.reflect.Method.invoke(Method.java:498)
	at org.testng.internal.MethodInvocationHelper.invokeMethod(MethodInvocationHelper.java:108)
	at org.testng.internal.Invoker.invokeMethod(Invoker.java:661)
	at org.testng.internal.Invoker.invokeTestMethod(Invoker.java:869)
	at org.testng.internal.Invoker.invokeTestMethods(Invoker.java:1193)
	at org.testng.internal.TestMethodWorker.invokeTestMethods(TestMethodWorker.java:126)
	at org.testng.internal.TestMethodWorker.run(TestMethodWorker.java:109)
	at org.testng.TestRunner.privateRun(TestRunner.java:744)
	at org.testng.TestRunner.run(TestRunner.java:602)
	at org.testng.SuiteRunner.runTest(SuiteRunner.java:380)
	at org.testng.SuiteRunner.runSequentially(SuiteRunner.java:375)
	at org.testng.SuiteRunner.privateRun(SuiteRunner.java:340)
	at org.testng.SuiteRunner.run(SuiteRunner.java:289)
	at org.testng.SuiteRunnerWorker.runSuite(SuiteRunnerWorker.java:52)
	at org.testng.SuiteRunnerWorker.run(SuiteRunnerWorker.java:86)
	at org.testng.TestNG.runSuitesSequentially(TestNG.java:1301)
	at org.testng.TestNG.runSuitesLocally(TestNG.java:1226)
	at org.testng.TestNG.runSuites(TestNG.java:1144)
	at org.testng.TestNG.run(TestNG.java:1115)
	at org.testng.remote.AbstractRemoteTestNG.run(AbstractRemoteTestNG.java:132)
	at org.testng.remote.RemoteTestNG.initAndRun(RemoteTestNG.java:230)
	at org.testng.remote.RemoteTestNG.main(RemoteTestNG.java:76)
</pre></div></td>
<td>0</td>
<td>testCase.GraduateClassroomTest@8c11eee</td></tr>
</table><p>
<table width='100%' border='1' class='invocation-passed'>
<tr><td colspan='4' align='center'><b>PASSED TESTS</b></td></tr>
<tr><td><b>Test method</b></td>
<td width="30%"><b>Exception</b></td>
<td width="10%"><b>Time (seconds)</b></td>
<td><b>Instance</b></td>
</tr>
<tr>
<td title='testCase.GraduateClassroomTest.testComment()'><b>testComment</b><br>Test class: testCase.GraduateClassroomTest</td>
<td></td>
<td>3</td>
<td>testCase.GraduateClassroomTest@8c11eee</td></tr>
<tr>
<td title='testCase.GraduateClassroomTest.testGoWtch()'><b>testGoWtch</b><br>Test class: testCase.GraduateClassroomTest</td>
<td></td>
<td>0</td>
<td>testCase.GraduateClassroomTest@8c11eee</td></tr>
<tr>
<td title='testCase.GraduateClassroomTest.testGraduateClassroom()'><b>testGraduateClassroom</b><br>Test class: testCase.GraduateClassroomTest</td>
<td></td>
<td>0</td>
<td>testCase.GraduateClassroomTest@8c11eee</td></tr>
<tr>
<td title='testCase.GraduateSituationTest.testGraduateEmploymentSituation()'><b>testGraduateEmploymentSituation</b><br>Test class: testCase.GraduateSituationTest</td>
<td></td>
<td>1</td>
<td>testCase.GraduateSituationTest@7e8dcdaa</td></tr>
<tr>
<td title='testCase.GraduateSituationTest.testGraduateExamSituation()'><b>testGraduateExamSituation</b><br>Test class: testCase.GraduateSituationTest</td>
<td></td>
<td>0</td>
<td>testCase.GraduateSituationTest@7e8dcdaa</td></tr>
<tr>
<td title='testCase.GraduateSituationTest.testIntoGraduateEmploymentSituation()'><b>testIntoGraduateEmploymentSituation</b><br>Test class: testCase.GraduateSituationTest</td>
<td></td>
<td>0</td>
<td>testCase.GraduateSituationTest@7e8dcdaa</td></tr>
<tr>
<td title='testCase.GraduateSituationTest.testIntoGraduateExamSituation()'><b>testIntoGraduateExamSituation</b><br>Test class: testCase.GraduateSituationTest</td>
<td></td>
<td>0</td>
<td>testCase.GraduateSituationTest@7e8dcdaa</td></tr>
<tr>
<td title='testCase.GraudatePracticeSquareTest.testMessage()'><b>testMessage</b><br>Test class: testCase.GraudatePracticeSquareTest</td>
<td></td>
<td>1</td>
<td>testCase.GraudatePracticeSquareTest@5cbe877d</td></tr>
<tr>
<td title='testCase.GraudatePracticeSquareTest.testOtherJob()'><b>testOtherJob</b><br>Test class: testCase.GraudatePracticeSquareTest</td>
<td></td>
<td>0</td>
<td>testCase.GraudatePracticeSquareTest@5cbe877d</td></tr>
<tr>
<td title='testCase.GraudatePracticeSquareTest.testPage()'><b>testPage</b><br>Test class: testCase.GraudatePracticeSquareTest</td>
<td></td>
<td>0</td>
<td>testCase.GraudatePracticeSquareTest@5cbe877d</td></tr>
<tr>
<td title='testCase.GraudatePracticeSquareTest.testPracticeMessage()'><b>testPracticeMessage</b><br>Test class: testCase.GraudatePracticeSquareTest</td>
<td></td>
<td>0</td>
<td>testCase.GraudatePracticeSquareTest@5cbe877d</td></tr>
<tr>
<td title='testCase.GraudatePracticeSquareTest.testPracticeSquare()'><b>testPracticeSquare</b><br>Test class: testCase.GraudatePracticeSquareTest</td>
<td></td>
<td>0</td>
<td>testCase.GraudatePracticeSquareTest@5cbe877d</td></tr>
<tr>
<td title='testCase.GraduateClassroomTest.testReadComment()'><b>testReadComment</b><br>Test class: testCase.GraduateClassroomTest</td>
<td></td>
<td>0</td>
<td>testCase.GraduateClassroomTest@8c11eee</td></tr>
<tr>
<td title='testCase.GraduateClassroomTest.testReadRecommend()'><b>testReadRecommend</b><br>Test class: testCase.GraduateClassroomTest</td>
<td></td>
<td>0</td>
<td>testCase.GraduateClassroomTest@8c11eee</td></tr>
<tr>
<td title='testCase.GraduateUploadVideoTest.testUploadVideo()'><b>testUploadVideo</b><br>Test class: testCase.GraduateUploadVideoTest</td>
<td></td>
<td>0</td>
<td>testCase.GraduateUploadVideoTest@681a8b4e</td></tr>
<tr>
<td title='testCase.GraduateUploadVideoTest.testUploadVideoAll()'><b>testUploadVideoAll</b><br>Test class: testCase.GraduateUploadVideoTest</td>
<td></td>
<td>2</td>
<td>testCase.GraduateUploadVideoTest@681a8b4e</td></tr>
<tr>
<td title='testCase.GraduateUploadVideoTest.testUploadVideoWithoutCover()'><b>testUploadVideoWithoutCover</b><br>Test class: testCase.GraduateUploadVideoTest</td>
<td></td>
<td>1</td>
<td>testCase.GraduateUploadVideoTest@681a8b4e</td></tr>
<tr>
<td title='testCase.GraduateUploadVideoTest.testUploadVideoWithoutDescription()'><b>testUploadVideoWithoutDescription</b><br>Test class: testCase.GraduateUploadVideoTest</td>
<td></td>
<td>1</td>
<td>testCase.GraduateUploadVideoTest@681a8b4e</td></tr>
<tr>
<td title='testCase.GraduateUploadVideoTest.testUploadVideoWithoutIntroduction()'><b>testUploadVideoWithoutIntroduction</b><br>Test class: testCase.GraduateUploadVideoTest</td>
<td></td>
<td>0</td>
<td>testCase.GraduateUploadVideoTest@681a8b4e</td></tr>
<tr>
<td title='testCase.GraduateUploadVideoTest.testUploadVideoWithoutName()'><b>testUploadVideoWithoutName</b><br>Test class: testCase.GraduateUploadVideoTest</td>
<td></td>
<td>0</td>
<td>testCase.GraduateUploadVideoTest@681a8b4e</td></tr>
<tr>
<td title='testCase.GraduateUploadVideoTest.testUploadVideoWithoutType()'><b>testUploadVideoWithoutType</b><br>Test class: testCase.GraduateUploadVideoTest</td>
<td></td>
<td>0</td>
<td>testCase.GraduateUploadVideoTest@681a8b4e</td></tr>
<tr>
<td title='testCase.GraduateUploadVideoTest.testUploadVideoWithoutVideo()'><b>testUploadVideoWithoutVideo</b><br>Test class: testCase.GraduateUploadVideoTest</td>
<td></td>
<td>0</td>
<td>testCase.GraduateUploadVideoTest@681a8b4e</td></tr>
<tr>
<td title='testCase.GraduateClassroomTest.testVideoStop()'><b>testVideoStop</b><br>Test class: testCase.GraduateClassroomTest</td>
<td></td>
<td>0</td>
<td>testCase.GraduateClassroomTest@8c11eee</td></tr>
</table><p>
</body>
</html>